<?xml version="1.0" encoding="UTF-8"?>
<testng-results total="1" passed="1" failed="0" skipped="0">
  <reporter-output>
  </reporter-output>
  <suite started-at="2022-08-22T08:59:46Z" name="Default suite" finished-at="2022-08-22T09:00:34Z" duration-ms="48007">
    <groups>
    </groups>
    <test started-at="2022-08-22T08:59:46Z" name="Default test" finished-at="2022-08-22T09:00:34Z" duration-ms="48007">
      <class name="com.hrms.testscripts.Tc002_AddNewEmp">
        <test-method signature="tc002()[pri:0, instance:com.hrms.testscripts.Tc002_AddNewEmp@8e50104]" started-at="2022-08-22T14:29:46Z" name="tc002" finished-at="2022-08-22T14:30:33Z" duration-ms="47510" status="PASS">
          <reporter-output>
          </reporter-output>
        </test-method> <!-- tc002 -->
      </class> <!-- com.hrms.testscripts.Tc002_AddNewEmp -->
    </test> <!-- Default test -->
  </suite> <!-- Default suite -->
</testng-results>
